2023-03-25T16:10:15.714Z [info]: Commit Tag: $GIT_SHA 
2023-03-25T16:10:16.582Z [info]: Starting Overseerr version 1.4.1 
2023-03-25T16:10:24.354Z [info][Notifications]: Registered notification agents 
2023-03-25T16:10:24.368Z [info][Server]: Skipping starting the scheduled jobs as we have no Plex/Jellyfin/Emby servers setup yet 
2023-03-25T16:10:24.375Z [info][Discover Slider]: Creating built-in discovery slider {"slider":{"type":1,"enabled":true,"isBuiltIn":true,"order":0}}
2023-03-25T16:10:24.403Z [info][Discover Slider]: Creating built-in discovery slider {"slider":{"type":2,"enabled":true,"isBuiltIn":true,"order":1}}
2023-03-25T16:10:24.502Z [info][Discover Slider]: Creating built-in discovery slider {"slider":{"type":3,"enabled":true,"isBuiltIn":true,"order":2}}
2023-03-25T16:10:24.526Z [info][Discover Slider]: Creating built-in discovery slider {"slider":{"type":4,"enabled":true,"isBuiltIn":true,"order":3}}
2023-03-25T16:10:24.572Z [info][Discover Slider]: Creating built-in discovery slider {"slider":{"type":5,"enabled":true,"isBuiltIn":true,"order":4}}
2023-03-25T16:10:24.650Z [info][Discover Slider]: Creating built-in discovery slider {"slider":{"type":6,"enabled":true,"isBuiltIn":true,"order":5}}
2023-03-25T16:10:24.742Z [info][Discover Slider]: Creating built-in discovery slider {"slider":{"type":7,"enabled":true,"isBuiltIn":true,"order":6}}
2023-03-25T16:10:24.995Z [info][Discover Slider]: Creating built-in discovery slider {"slider":{"type":8,"enabled":true,"isBuiltIn":true,"order":7}}
2023-03-25T16:10:25.146Z [info][Discover Slider]: Creating built-in discovery slider {"slider":{"type":9,"enabled":true,"isBuiltIn":true,"order":8}}
2023-03-25T16:10:25.284Z [info][Discover Slider]: Creating built-in discovery slider {"slider":{"type":10,"enabled":true,"isBuiltIn":true,"order":9}}
2023-03-25T16:10:25.476Z [info][Discover Slider]: Creating built-in discovery slider {"slider":{"type":11,"enabled":true,"isBuiltIn":true,"order":10}}
2023-03-25T16:10:25.630Z [info][Discover Slider]: Creating built-in discovery slider {"slider":{"type":12,"enabled":true,"isBuiltIn":true,"order":11}}
2023-03-25T16:10:28.214Z [info][Server]: Server ready on port 5055 
2023-03-25T16:14:24.288Z [info][Auth]: Failed login attempt from user with incorrect Jellyfin credentials {"account":{"ip":"::ffff:192.168.1.106","email":"admin","password":"__REDACTED__"}}
2023-03-25T16:14:32.585Z [info][API]: Sign-in attempt from Jellyfin user with access to the media server; creating initial admin user for Overseerr {"ip":"::ffff:192.168.1.106","jellyfinUsername":"admin"}
2023-03-25T16:14:32.631Z [info][Jobs]: Scheduled jobs loaded 
2023-03-25T16:14:38.152Z [info][Jellyfin Sync]: Jellyfin Sync Starting {"sessionId":"9ce98738-809f-430c-9f87-1f7135442d93"}
2023-03-25T16:14:38.165Z [info][Jellyfin Sync]: Beginning to process library: Filmy 
2023-03-25T16:14:38.189Z [info][Jellyfin Sync]: Beginning to process library: Seriale 
2023-03-25T16:14:38.201Z [info][Jellyfin Sync]: Full Scan Complete 
2023-03-25T16:15:00.030Z [debug][Jobs]: Starting scheduled job: Download Sync 
2023-03-25T16:15:00.046Z [info][Jobs]: Starting scheduled job: Jellyfin Recently Added Sync 
2023-03-25T16:15:00.050Z [info][Jellyfin Sync]: Jellyfin Sync Starting {"sessionId":"5aba3737-2b02-42d5-b5b9-9c85e9c25253"}
2023-03-25T16:15:00.061Z [info][Jellyfin Sync]: Beginning to process recently added for library: Filmy 
2023-03-25T16:15:00.086Z [info][Jellyfin Sync]: Beginning to process recently added for library: Seriale 
2023-03-25T16:15:00.108Z [info][Jellyfin Sync]: Recently Added Scan Complete 
2023-03-25T16:15:46.777Z [error][Radarr]: [Radarr] Failed to retrieve profiles: connect ECONNREFUSED 172.21.0.10:7878 
2023-03-25T16:15:47.642Z [error][Radarr]: [Radarr] Failed to retrieve profiles: connect ECONNREFUSED 172.21.0.10:7878 
2023-03-25T16:16:00.015Z [debug][Jobs]: Starting scheduled job: Download Sync 
2023-03-25T16:17:00.030Z [debug][Jobs]: Starting scheduled job: Download Sync 
2023-03-25T16:19:33.670Z [info]: Commit Tag: $GIT_SHA 
2023-03-25T16:19:34.658Z [info]: Starting Overseerr version 1.4.1 
2023-03-25T16:19:37.147Z [info][Notifications]: Registered notification agents 
2023-03-25T16:19:37.190Z [info][Jobs]: Scheduled jobs loaded 
2023-03-25T16:19:37.800Z [info][Server]: Server ready on port 5055 
2023-03-25T16:19:44.959Z [info][Jellyfin Sync]: Jellyfin Sync Starting {"sessionId":"633ea6da-8a93-43b1-8529-417d3c9546a8"}
2023-03-25T16:19:44.972Z [info][Jellyfin Sync]: Beginning to process library: Filmy 
2023-03-25T16:19:45.505Z [info][Jellyfin Sync]: Beginning to process library: Seriale 
2023-03-25T16:19:45.537Z [info][Jellyfin Sync]: Full Scan Complete 
2023-03-25T16:19:50.461Z [info][Jellyfin Sync]: Jellyfin Sync Starting {"sessionId":"4269f8e5-ff65-4e75-a669-4a59dc78eff2"}
2023-03-25T16:19:50.507Z [info][Jellyfin Sync]: Beginning to process library: Filmy 
2023-03-25T16:19:50.537Z [info][Jellyfin Sync]: Beginning to process library: Seriale 
2023-03-25T16:19:50.578Z [info][Jellyfin Sync]: Full Scan Complete 
2023-03-25T16:20:00.123Z [debug][Jobs]: Starting scheduled job: Download Sync 
2023-03-25T16:20:00.137Z [info][Jobs]: Starting scheduled job: Plex Watchlist Sync 
2023-03-25T16:20:00.161Z [info][Jobs]: Starting scheduled job: Jellyfin Recently Added Sync 
2023-03-25T16:20:00.173Z [info][Jellyfin Sync]: Jellyfin Sync Starting {"sessionId":"2180a1be-610e-4309-89d0-70cc6f8e640f"}
2023-03-25T16:20:00.195Z [info][Jellyfin Sync]: Beginning to process recently added for library: Filmy 
2023-03-25T16:20:00.220Z [info][Jellyfin Sync]: Beginning to process recently added for library: Seriale 
2023-03-25T16:20:00.234Z [info][Jellyfin Sync]: Recently Added Scan Complete 
2023-03-25T16:21:00.005Z [debug][Jobs]: Starting scheduled job: Download Sync 
2023-03-25T16:22:00.038Z [debug][Jobs]: Starting scheduled job: Download Sync 
2023-03-25T16:23:00.053Z [debug][Jobs]: Starting scheduled job: Download Sync 
2023-03-25T16:23:26.955Z [error][Radarr]: [Radarr] Failed to retrieve profiles: connect ECONNREFUSED 172.22.0.4:7878 
2023-03-25T16:23:30.746Z [error][Radarr]: [Radarr] Failed to retrieve profiles: connect ECONNREFUSED 172.22.0.4:7878 
2023-03-25T16:24:00.009Z [debug][Jobs]: Starting scheduled job: Download Sync 
2023-03-25T16:25:00.068Z [debug][Jobs]: Starting scheduled job: Download Sync 
2023-03-25T16:25:00.081Z [info][Jobs]: Starting scheduled job: Jellyfin Recently Added Sync 
2023-03-25T16:25:00.083Z [info][Jellyfin Sync]: Jellyfin Sync Starting {"sessionId":"da49e6a4-a1f3-4279-94bd-e102d425c18f"}
2023-03-25T16:25:00.088Z [info][Jellyfin Sync]: Beginning to process recently added for library: Filmy 
2023-03-25T16:25:00.132Z [info][Jellyfin Sync]: Beginning to process recently added for library: Seriale 
2023-03-25T16:25:00.147Z [info][Jellyfin Sync]: Recently Added Scan Complete 
2023-03-25T16:26:25.644Z [info]: Commit Tag: $GIT_SHA 
2023-03-25T16:26:26.178Z [info]: Starting Overseerr version 1.4.1 
2023-03-25T16:26:28.861Z [info][Notifications]: Registered notification agents 
2023-03-25T16:26:28.915Z [info][Jobs]: Scheduled jobs loaded 
2023-03-25T16:26:29.762Z [info][Server]: Server ready on port 5055 
2023-03-25T16:27:00.017Z [debug][Jobs]: Starting scheduled job: Download Sync 
2023-03-25T16:28:00.036Z [debug][Jobs]: Starting scheduled job: Download Sync 
2023-03-25T16:29:00.057Z [debug][Jobs]: Starting scheduled job: Download Sync 
2023-03-25T16:30:00.027Z [debug][Jobs]: Starting scheduled job: Download Sync 
2023-03-25T16:30:00.051Z [info][Jobs]: Starting scheduled job: Plex Watchlist Sync 
2023-03-25T16:30:00.101Z [info][Jobs]: Starting scheduled job: Jellyfin Recently Added Sync 
2023-03-25T16:30:00.108Z [info][Jellyfin Sync]: Jellyfin Sync Starting {"sessionId":"b6fd2650-816d-4e71-92ec-81d90d8e567b"}
2023-03-25T16:30:00.121Z [info][Jellyfin Sync]: Beginning to process recently added for library: Filmy 
2023-03-25T16:30:00.612Z [info][Jellyfin Sync]: Beginning to process recently added for library: Seriale 
2023-03-25T16:30:00.643Z [info][Jellyfin Sync]: Recently Added Scan Complete 
2023-03-25T16:31:00.038Z [debug][Jobs]: Starting scheduled job: Download Sync 
2023-03-25T16:32:00.018Z [debug][Jobs]: Starting scheduled job: Download Sync 
2023-03-25T16:33:00.094Z [debug][Jobs]: Starting scheduled job: Download Sync 
2023-03-25T16:34:00.126Z [debug][Jobs]: Starting scheduled job: Download Sync 
2023-03-25T16:35:00.042Z [debug][Jobs]: Starting scheduled job: Download Sync 
2023-03-25T16:35:00.078Z [info][Jobs]: Starting scheduled job: Jellyfin Recently Added Sync 
2023-03-25T16:35:00.081Z [info][Jellyfin Sync]: Jellyfin Sync Starting {"sessionId":"e335f66e-49e1-4d06-a674-3da17104f389"}
2023-03-25T16:35:00.103Z [info][Jellyfin Sync]: Beginning to process recently added for library: Filmy 
2023-03-25T16:35:00.123Z [info][Jellyfin Sync]: Beginning to process recently added for library: Seriale 
2023-03-25T16:35:00.133Z [info][Jellyfin Sync]: Recently Added Scan Complete 
2023-03-25T16:36:00.040Z [debug][Jobs]: Starting scheduled job: Download Sync 
2023-03-25T16:37:00.041Z [debug][Jobs]: Starting scheduled job: Download Sync 
2023-03-25T16:38:00.040Z [debug][Jobs]: Starting scheduled job: Download Sync 
2023-03-25T16:39:00.034Z [debug][Jobs]: Starting scheduled job: Download Sync 
2023-03-25T16:40:00.032Z [debug][Jobs]: Starting scheduled job: Download Sync 
2023-03-25T16:40:00.052Z [info][Jobs]: Starting scheduled job: Jellyfin Recently Added Sync 
2023-03-25T16:40:00.053Z [info][Jellyfin Sync]: Jellyfin Sync Starting {"sessionId":"141ccde2-0d60-4dc4-84ae-eac93d2859a9"}
2023-03-25T16:40:00.069Z [info][Jobs]: Starting scheduled job: Plex Watchlist Sync 
2023-03-25T16:40:00.093Z [info][Jellyfin Sync]: Beginning to process recently added for library: Filmy 
2023-03-25T16:40:00.130Z [info][Jellyfin Sync]: Beginning to process recently added for library: Seriale 
2023-03-25T16:40:00.141Z [info][Jellyfin Sync]: Recently Added Scan Complete 
2023-03-25T16:41:00.034Z [debug][Jobs]: Starting scheduled job: Download Sync 
2023-03-25T16:42:00.136Z [debug][Jobs]: Starting scheduled job: Download Sync 
2023-03-25T16:43:00.037Z [debug][Jobs]: Starting scheduled job: Download Sync 
2023-03-25T16:44:00.038Z [debug][Jobs]: Starting scheduled job: Download Sync 
2023-03-25T16:45:02.693Z [info]: Commit Tag: $GIT_SHA 
2023-03-25T16:45:03.179Z [info]: Starting Overseerr version 1.4.1 
2023-03-25T16:45:05.896Z [info][Notifications]: Registered notification agents 
2023-03-25T16:45:05.954Z [info][Jobs]: Scheduled jobs loaded 
2023-03-25T16:45:06.764Z [info][Server]: Server ready on port 5055 
2023-03-25T16:46:00.293Z [debug][Jobs]: Starting scheduled job: Download Sync 
2023-03-25T16:47:00.069Z [debug][Jobs]: Starting scheduled job: Download Sync 
2023-03-25T16:48:00.093Z [debug][Jobs]: Starting scheduled job: Download Sync 
2023-03-25T16:49:00.155Z [debug][Jobs]: Starting scheduled job: Download Sync 
2023-03-25T16:49:55.128Z [info]: Commit Tag: $GIT_SHA 
2023-03-25T16:49:55.647Z [info]: Starting Overseerr version 1.4.1 
2023-03-25T16:49:57.860Z [info][Notifications]: Registered notification agents 
2023-03-25T16:49:57.897Z [info][Jobs]: Scheduled jobs loaded 
2023-03-25T16:49:58.844Z [info][Server]: Server ready on port 5055 
2023-03-25T16:50:00.012Z [debug][Jobs]: Starting scheduled job: Download Sync 
2023-03-25T16:50:00.061Z [info][Jobs]: Starting scheduled job: Plex Watchlist Sync 
2023-03-25T16:50:00.090Z [info][Jobs]: Starting scheduled job: Jellyfin Recently Added Sync 
2023-03-25T16:50:00.097Z [info][Jellyfin Sync]: Jellyfin Sync Starting {"sessionId":"b3230f9f-8e66-42cb-98a3-fdac20fc0ac1"}
2023-03-25T16:50:00.121Z [info][Jellyfin Sync]: Beginning to process recently added for library: Filmy 
2023-03-25T16:50:00.630Z [info][Jellyfin Sync]: Beginning to process recently added for library: Seriale 
2023-03-25T16:50:00.671Z [info][Jellyfin Sync]: Recently Added Scan Complete 
2023-03-25T16:50:47.412Z [info]: Commit Tag: $GIT_SHA 
2023-03-25T16:50:48.086Z [info]: Starting Overseerr version 1.4.1 
2023-03-25T16:50:50.380Z [info][Notifications]: Registered notification agents 
2023-03-25T16:50:50.416Z [info][Jobs]: Scheduled jobs loaded 
2023-03-25T16:50:50.989Z [info][Server]: Server ready on port 5055 
2023-03-25T16:51:00.027Z [debug][Jobs]: Starting scheduled job: Download Sync 
2023-03-25T16:52:00.014Z [debug][Jobs]: Starting scheduled job: Download Sync 
2023-03-25T16:53:00.058Z [debug][Jobs]: Starting scheduled job: Download Sync 
2023-03-25T16:54:00.025Z [debug][Jobs]: Starting scheduled job: Download Sync 
2023-03-25T16:55:00.016Z [debug][Jobs]: Starting scheduled job: Download Sync 
2023-03-25T16:55:00.043Z [info][Jobs]: Starting scheduled job: Jellyfin Recently Added Sync 
2023-03-25T16:55:00.047Z [info][Jellyfin Sync]: Jellyfin Sync Starting {"sessionId":"8d781f96-ea98-46b7-9e41-ac7db51e4cb0"}
2023-03-25T16:55:00.075Z [info][Jellyfin Sync]: Beginning to process recently added for library: Filmy 
2023-03-25T16:55:00.585Z [info][Jellyfin Sync]: Beginning to process recently added for library: Seriale 
2023-03-25T16:55:00.639Z [info][Jellyfin Sync]: Recently Added Scan Complete 
2023-03-25T16:56:00.047Z [debug][Jobs]: Starting scheduled job: Download Sync 
2023-03-25T16:57:00.019Z [debug][Jobs]: Starting scheduled job: Download Sync 
2023-03-25T16:58:00.090Z [debug][Jobs]: Starting scheduled job: Download Sync 
2023-03-25T16:59:00.019Z [debug][Jobs]: Starting scheduled job: Download Sync 
2023-03-25T17:00:00.029Z [debug][Jobs]: Starting scheduled job: Download Sync 
2023-03-25T17:00:00.070Z [info][Jobs]: Starting scheduled job: Jellyfin Recently Added Sync 
2023-03-25T17:00:00.073Z [info][Jellyfin Sync]: Jellyfin Sync Starting {"sessionId":"e34d2ef3-de33-4d5a-aaec-1355372a6d76"}
2023-03-25T17:00:00.087Z [info][Jobs]: Starting scheduled job: Plex Watchlist Sync 
2023-03-25T17:00:00.095Z [info][Jellyfin Sync]: Beginning to process recently added for library: Filmy 
2023-03-25T17:00:00.128Z [info][Jellyfin Sync]: Beginning to process recently added for library: Seriale 
2023-03-25T17:00:00.142Z [info][Jellyfin Sync]: Recently Added Scan Complete 
